0 verbose cli [
0 verbose cli   '/usr/local/bin/node',
0 verbose cli   '/usr/local/bin/npm',
0 verbose cli   'install',
0 verbose cli   '-g',
0 verbose cli   'npm@7.0.11'
0 verbose cli ]
1 info using npm@7.0.8
2 info using node@v15.2.1
3 timing config:load:defaults Completed in 1ms
4 timing config:load:file:/usr/local/lib/node_modules/npm/npmrc Completed in 0ms
5 timing config:load:builtin Completed in 0ms
6 timing config:load:cli Completed in 2ms
7 timing config:load:env Completed in 0ms
8 timing config:load:project Completed in 1ms
9 timing config:load:file:/home/node/.npmrc Completed in 0ms
10 timing config:load:user Completed in 0ms
11 timing config:load:file:/usr/local/etc/npmrc Completed in 0ms
12 timing config:load:global Completed in 0ms
13 timing config:load:cafile Completed in 0ms
14 timing config:load:validate Completed in 0ms
15 timing config:load:setUserAgent Completed in 1ms
16 timing config:load:setEnvs Completed in 0ms
17 timing config:load Completed in 6ms
18 verbose npm-session d8fb2265bee5ce8e
19 timing npm:load Completed in 13ms
20 http fetch GET 200 https://registry.npmjs.org/npm 3443ms
21 http fetch GET 304 https://registry.npmjs.org/npm 54ms (from cache)
22 timing arborist:ctor Completed in 1ms
23 timing idealTree:init Completed in 3ms
24 timing idealTree:userRequests Completed in 1ms
25 silly idealTree buildDeps
26 silly fetch manifest npm@7.0.11
27 http fetch GET 304 https://registry.npmjs.org/npm 70ms (from cache)
28 silly placeDep ROOT npm@7.0.11 OK for:  want: 7.0.11
29 timing idealTree:#root Completed in 97ms
30 timing idealTree:node_modules/npm Completed in 0ms
31 timing idealTree:buildDeps Completed in 98ms
32 timing idealTree:fixDepFlags Completed in 1ms
33 timing idealTree Completed in 104ms
34 timing reify:loadTrees Completed in 344ms
35 timing reify:diffTrees Completed in 5ms
36 silly reify mark retired [
36 silly reify   '/usr/local/lib/node_modules/npm',
36 silly reify   '/usr/local/bin/npm',
36 silly reify   '/usr/local/bin/npx'
36 silly reify ]
37 silly reify moves {
37 silly reify   '/usr/local/lib/node_modules/npm': '/usr/local/lib/node_modules/.npm-i9nnxROI',
37 silly reify   '/usr/local/bin/npm': '/usr/local/bin/.npm-uJtxIR1m',
37 silly reify   '/usr/local/bin/npx': '/usr/local/bin/.npx-xXo12k2C'
37 silly reify }
38 timing reify:rollback:retireShallow Completed in 1ms
39 timing command:install Completed in 352ms
40 notice [40m[37m[39m[49m
40 notice [40m[37mNew [32mpatch[39m[37m version of npm available! [31m7.0.8[39m[37m -> [32m7.0.11[39m[37m[39m[49m
40 notice [40m[37mChangelog: [36mhttps://github.com/npm/cli/releases/tag/v7.0.11[39m[37m[39m[49m
40 notice [40m[37mRun [32mnpm install -g npm@7.0.11[39m[37m to update![39m[49m
40 notice [40m[37m[39m[49m
41 verbose stack Error: EXDEV: cross-device link not permitted, rename '/usr/local/lib/node_modules/npm' -> '/usr/local/lib/node_modules/.npm-i9nnxROI'
42 verbose cwd /home/node/app
43 verbose Linux 5.9.0-kali1-amd64
44 verbose argv "/usr/local/bin/node" "/usr/local/bin/npm" "install" "-g" "npm@7.0.11"
45 verbose node v15.2.1
46 verbose npm  v7.0.8
47 error code EXDEV
48 error syscall rename
49 error path /usr/local/lib/node_modules/npm
50 error dest /usr/local/lib/node_modules/.npm-i9nnxROI
51 error errno -18
52 error EXDEV: cross-device link not permitted, rename '/usr/local/lib/node_modules/npm' -> '/usr/local/lib/node_modules/.npm-i9nnxROI'
53 verbose exit -18
